

times in msec
 clock   self+sourced   self:  sourced script
 clock   elapsed:              other lines

000.005  000.005: --- NVIM STARTING ---
000.140  000.135: locale set
000.299  000.160: inits 1
000.305  000.006: window checked
000.308  000.002: parsing arguments
002.974  002.667: init lua interpreter
003.193  000.219: expanding arguments
003.213  000.020: inits 2
003.568  000.354: init highlight
003.569  000.001: waiting for UI
003.999  000.431: done waiting for UI
004.004  000.005: init screen for UI
004.017  000.012: init default mappings
004.042  000.026: init default autocommands
004.283  000.077  000.077: sourcing /usr/share/nvim/runtime/ftplugin.vim
004.316  000.021  000.021: sourcing /usr/share/nvim/runtime/indent.vim
004.679  000.332  000.332: sourcing /home/tino/.config/nvim/init.lua
004.682  000.211: sourcing vimrc file(s)
004.746  000.053  000.053: sourcing /usr/share/nvim/runtime/filetype.lua
008.557  003.805  003.805: sourcing /usr/share/nvim/runtime/filetype.vim
008.636  000.040  000.040: sourcing /usr/share/nvim/runtime/syntax/synload.vim
008.687  000.111  000.071: sourcing /usr/share/nvim/runtime/syntax/syntax.vim
009.027  000.194  000.194: sourcing /usr/share/nvim/runtime/plugin/gzip.vim
009.038  000.005  000.005: sourcing /usr/share/nvim/runtime/plugin/health.vim
009.086  000.043  000.043: sourcing /usr/share/nvim/runtime/plugin/man.vim
009.283  000.108  000.108: sourcing /usr/share/nvim/runtime/pack/dist/opt/matchit/plugin/matchit.vim
009.319  000.230  000.122: sourcing /usr/share/nvim/runtime/plugin/matchit.vim
009.395  000.071  000.071: sourcing /usr/share/nvim/runtime/plugin/matchparen.vim
009.648  000.248  000.248: sourcing /usr/share/nvim/runtime/plugin/netrwPlugin.vim
009.736  000.075  000.075: sourcing /usr/share/nvim/runtime/plugin/rplugin.vim
009.802  000.058  000.058: sourcing /usr/share/nvim/runtime/plugin/shada.vim
009.822  000.010  000.010: sourcing /usr/share/nvim/runtime/plugin/spellfile.vim
009.899  000.072  000.072: sourcing /usr/share/nvim/runtime/plugin/tarPlugin.vim
009.949  000.037  000.037: sourcing /usr/share/nvim/runtime/plugin/tohtml.vim
009.963  000.007  000.007: sourcing /usr/share/nvim/runtime/plugin/tutor.vim
010.058  000.089  000.089: sourcing /usr/share/nvim/runtime/plugin/zipPlugin.vim
010.140  000.349: loading rtp plugins
010.178  000.038: loading packages
010.285  000.106: loading after plugins
010.292  000.007: inits 3
010.980  000.688: reading ShaDa
011.031  000.051: opening buffers
011.049  000.018: BufEnter autocommands
011.050  000.001: editing files in windows
